build/app/intermediates/manifest_merge_blame_file/debug/processDebugMainManifest/manifest-merger-blame-debug-report.txt
1<?xml version="1.0" encoding="utf-8"?>
2<manifest xmlns:android="http://schemas.android.com/apk/res/android"
3    package="com.example.treense"
4    android:versionCode="1"
5    android:versionName="1.0.0" >
6
7    <uses-sdk
8        android:minSdkVersion="21"
9        android:targetSdkVersion="35" />
10    <!--
11         The INTERNET permission is required for development. Specifically,
12         the Flutter tool needs it to communicate with the running application
13         to allow setting breakpoints, to provide hot reload, etc.
14    -->
15    <uses-permission android:name="android.permission.INTERNET" />
15-->src\main\AndroidManifest.xml:8:5-67
15-->src\main\AndroidManifest.xml:8:22-64
16    <uses-permission android:name="android.permission.CAMERA" />
16-->src\main\AndroidManifest.xml:3:5-64
16-->src\main\AndroidManifest.xml:3:22-62
17    <uses-permission android:name="android.permission.READ_EXTERNAL_STORAGE" />
17-->src\main\AndroidManifest.xml:4:5-79
17-->src\main\AndroidManifest.xml:4:22-77
18
19    <uses-feature
19-->src\main\AndroidManifest.xml:5:5-83
20        android:name="android.hardware.camera"
20-->src\main\AndroidManifest.xml:5:19-57
21        android:required="true" />
21-->src\main\AndroidManifest.xml:5:58-81
22
23    <uses-permission android:name="android.permission.ACCESS_FINE_LOCATION" />
23-->src\main\AndroidManifest.xml:6:5-79
23-->src\main\AndroidManifest.xml:6:22-76
24    <uses-permission android:name="android.permission.ACCESS_COARSE_LOCATION" />
24-->src\main\AndroidManifest.xml:7:5-81
24-->src\main\AndroidManifest.xml:7:22-78
25    <uses-permission android:name="android.permission.ACCESS_NETWORK_STATE" />
25-->src\main\AndroidManifest.xml:9:5-79
25-->src\main\AndroidManifest.xml:9:22-76
26    <!--
27 Required to query activities that can process text, see:
28         https://developer.android.com/training/package-visibility and
29         https://developer.android.com/reference/android/content/Intent#ACTION_PROCESS_TEXT.
30
31         In particular, this is used by the Flutter engine in io.flutter.plugin.text.ProcessTextPlugin.
32    -->
33    <queries>
33-->src\main\AndroidManifest.xml:48:5-53:15
34        <intent>
34-->src\main\AndroidManifest.xml:49:9-52:18
35            <action android:name="android.intent.action.PROCESS_TEXT" />
35-->src\main\AndroidManifest.xml:50:13-72
35-->src\main\AndroidManifest.xml:50:21-70
36
37            <data android:mimeType="text/plain" />
37-->src\main\AndroidManifest.xml:51:13-50
37-->src\main\AndroidManifest.xml:51:19-48
38        </intent>
39        <intent>
39-->[:flutter_inappwebview_android] AndroidManifest.xml:8:9-10:18
40            <action android:name="android.support.customtabs.action.CustomTabsService" />
40-->[:flutter_inappwebview_android] AndroidManifest.xml:9:13-90
40-->[:flutter_inappwebview_android] AndroidManifest.xml:9:21-87
41        </intent>
42    </queries>
43
44    <uses-permission android:name="android.permission.RECORD_AUDIO" />
44-->[:camera_android] AndroidManifest.xml:8:5-71
44-->[:camera_android] AndroidManifest.xml:8:22-68
45
46    <permission
46-->[androidx.core:core:1.13.1] AndroidManifest.xml:22:5-24:47
47        android:name="com.example.treense.DYNAMIC_RECEIVER_NOT_EXPORTED_PERMISSION"
47-->[androidx.core:core:1.13.1] AndroidManifest.xml:23:9-81
48        android:protectionLevel="signature" />
48-->[androidx.core:core:1.13.1] AndroidManifest.xml:24:9-44
49
50    <uses-permission android:name="com.example.treense.DYNAMIC_RECEIVER_NOT_EXPORTED_PERMISSION" />
50-->[androidx.core:core:1.13.1] AndroidManifest.xml:26:5-97
50-->[androidx.core:core:1.13.1] AndroidManifest.xml:26:22-94
51
52    <application
53        android:name="android.app.Application"
54        android:appComponentFactory="androidx.core.app.CoreComponentFactory"
54-->[androidx.core:core:1.13.1] AndroidManifest.xml:28:18-86
55        android:debuggable="true"
56        android:extractNativeLibs="true"
57        android:icon="@mipmap/ic_launcher"
58        android:label="Treense" >
59        <activity
60            android:name="com.example.treense.MainActivity"
61            android:configChanges="orientation|keyboardHidden|keyboard|screenSize|smallestScreenSize|locale|layoutDirection|fontScale|screenLayout|density|uiMode"
62            android:exported="true"
63            android:hardwareAccelerated="true"
64            android:launchMode="singleTop"
65            android:taskAffinity=""
66            android:theme="@style/LaunchTheme"
67            android:windowSoftInputMode="adjustResize" >
68
69            <!--
70                 Specifies an Android theme to apply to this Activity as soon as
71                 the Android process has started. This theme is visible to the user
72                 while the Flutter UI initializes. After that, this theme continues
73                 to determine the Window background behind the Flutter UI.
74            -->
75            <meta-data
76                android:name="io.flutter.embedding.android.NormalTheme"
77                android:resource="@style/NormalTheme" />
78
79            <intent-filter>
80                <action android:name="android.intent.action.MAIN" />
81
82                <category android:name="android.intent.category.LAUNCHER" />
83            </intent-filter>
84        </activity>
85        <!--
86             Don't delete the meta-data below.
87             This is used by the Flutter tool to generate GeneratedPluginRegistrant.java
88        -->
89        <meta-data
90            android:name="flutterEmbedding"
91            android:value="2" />
92
93        <activity
93-->[:flutter_inappwebview_android] AndroidManifest.xml:14:9-18:47
94            android:name="com.pichillilorenzo.flutter_inappwebview_android.in_app_browser.InAppBrowserActivity"
94-->[:flutter_inappwebview_android] AndroidManifest.xml:15:13-112
95            android:configChanges="orientation|keyboardHidden|keyboard|screenSize|locale|layoutDirection|fontScale|screenLayout|density"
95-->[:flutter_inappwebview_android] AndroidManifest.xml:16:13-137
96            android:exported="false"
96-->[:flutter_inappwebview_android] AndroidManifest.xml:17:13-37
97            android:theme="@style/AppTheme" />
97-->[:flutter_inappwebview_android] AndroidManifest.xml:18:13-44
98        <activity
98-->[:flutter_inappwebview_android] AndroidManifest.xml:19:9-22:55
99            android:name="com.pichillilorenzo.flutter_inappwebview_android.chrome_custom_tabs.ChromeCustomTabsActivity"
99-->[:flutter_inappwebview_android] AndroidManifest.xml:20:13-120
100            android:exported="false"
100-->[:flutter_inappwebview_android] AndroidManifest.xml:21:13-37
101            android:theme="@style/ThemeTransparent" />
101-->[:flutter_inappwebview_android] AndroidManifest.xml:22:13-52
102        <activity
102-->[:flutter_inappwebview_android] AndroidManifest.xml:23:9-26:55
103            android:name="com.pichillilorenzo.flutter_inappwebview_android.chrome_custom_tabs.TrustedWebActivity"
103-->[:flutter_inappwebview_android] AndroidManifest.xml:24:13-114
104            android:exported="false"
104-->[:flutter_inappwebview_android] AndroidManifest.xml:25:13-37
105            android:theme="@style/ThemeTransparent" />
105-->[:flutter_inappwebview_android] AndroidManifest.xml:26:13-52
106        <activity
106-->[:flutter_inappwebview_android] AndroidManifest.xml:27:9-31:55
107            android:name="com.pichillilorenzo.flutter_inappwebview_android.chrome_custom_tabs.ChromeCustomTabsActivitySingleInstance"
107-->[:flutter_inappwebview_android] AndroidManifest.xml:28:13-134
108            android:exported="false"
108-->[:flutter_inappwebview_android] AndroidManifest.xml:29:13-37
109            android:launchMode="singleInstance"
109-->[:flutter_inappwebview_android] AndroidManifest.xml:30:13-48
110            android:theme="@style/ThemeTransparent" />
110-->[:flutter_inappwebview_android] AndroidManifest.xml:31:13-52
111        <activity
111-->[:flutter_inappwebview_android] AndroidManifest.xml:32:9-36:55
112            android:name="com.pichillilorenzo.flutter_inappwebview_android.chrome_custom_tabs.TrustedWebActivitySingleInstance"
112-->[:flutter_inappwebview_android] AndroidManifest.xml:33:13-128
113            android:exported="false"
113-->[:flutter_inappwebview_android] AndroidManifest.xml:34:13-37
114            android:launchMode="singleInstance"
114-->[:flutter_inappwebview_android] AndroidManifest.xml:35:13-48
115            android:theme="@style/ThemeTransparent" />
115-->[:flutter_inappwebview_android] AndroidManifest.xml:36:13-52
116
117        <receiver
117-->[:flutter_inappwebview_android] AndroidManifest.xml:38:9-41:40
118            android:name="com.pichillilorenzo.flutter_inappwebview_android.chrome_custom_tabs.ActionBroadcastReceiver"
118-->[:flutter_inappwebview_android] AndroidManifest.xml:39:13-119
119            android:enabled="true"
119-->[:flutter_inappwebview_android] AndroidManifest.xml:40:13-35
120            android:exported="false" />
120-->[:flutter_inappwebview_android] AndroidManifest.xml:41:13-37
121
122        <meta-data
122-->[:flutter_inappwebview_android] AndroidManifest.xml:43:9-45:36
123            android:name="io.flutter.embedded_views_preview"
123-->[:flutter_inappwebview_android] AndroidManifest.xml:44:13-61
124            android:value="true" />
124-->[:flutter_inappwebview_android] AndroidManifest.xml:45:13-33
125
126        <provider
126-->[:image_picker_android] AndroidManifest.xml:9:9-17:20
127            android:name="io.flutter.plugins.imagepicker.ImagePickerFileProvider"
127-->[:image_picker_android] AndroidManifest.xml:10:13-82
128            android:authorities="com.example.treense.flutter.image_provider"
128-->[:image_picker_android] AndroidManifest.xml:11:13-74
129            android:exported="false"
129-->[:image_picker_android] AndroidManifest.xml:12:13-37
130            android:grantUriPermissions="true" >
130-->[:image_picker_android] AndroidManifest.xml:13:13-47
131            <meta-data
131-->[:image_picker_android] AndroidManifest.xml:14:13-16:75
132                android:name="android.support.FILE_PROVIDER_PATHS"
132-->[:image_picker_android] AndroidManifest.xml:15:17-67
133                android:resource="@xml/flutter_image_picker_file_paths" />
133-->[:image_picker_android] AndroidManifest.xml:16:17-72
134        </provider> <!-- Trigger Google Play services to install the backported photo picker module. -->
135        <service
135-->[:image_picker_android] AndroidManifest.xml:19:9-31:19
136            android:name="com.google.android.gms.metadata.ModuleDependencies"
136-->[:image_picker_android] AndroidManifest.xml:20:13-78
137            android:enabled="false"
137-->[:image_picker_android] AndroidManifest.xml:21:13-36
138            android:exported="false" >
138-->[:image_picker_android] AndroidManifest.xml:22:13-37
139            <intent-filter>
139-->[:image_picker_android] AndroidManifest.xml:24:13-26:29
140                <action android:name="com.google.android.gms.metadata.MODULE_DEPENDENCIES" />
140-->[:image_picker_android] AndroidManifest.xml:25:17-94
140-->[:image_picker_android] AndroidManifest.xml:25:25-91
141            </intent-filter>
142
143            <meta-data
143-->[:image_picker_android] AndroidManifest.xml:28:13-30:36
144                android:name="photopicker_activity:0:required"
144-->[:image_picker_android] AndroidManifest.xml:29:17-63
145                android:value="" />
145-->[:image_picker_android] AndroidManifest.xml:30:17-33
146        </service>
147        <service
147-->[:geolocator_android] AndroidManifest.xml:8:9-12:56
148            android:name="com.baseflow.geolocator.GeolocatorLocationService"
148-->[:geolocator_android] AndroidManifest.xml:9:13-77
149            android:enabled="true"
149-->[:geolocator_android] AndroidManifest.xml:10:13-35
150            android:exported="false"
150-->[:geolocator_android] AndroidManifest.xml:11:13-37
151            android:foregroundServiceType="location" />
151-->[:geolocator_android] AndroidManifest.xml:12:13-53
152
153        <activity
153-->[:url_launcher_android] AndroidManifest.xml:8:9-11:74
154            android:name="io.flutter.plugins.urllauncher.WebViewActivity"
154-->[:url_launcher_android] AndroidManifest.xml:9:13-74
155            android:exported="false"
155-->[:url_launcher_android] AndroidManifest.xml:10:13-37
156            android:theme="@android:style/Theme.NoTitleBar.Fullscreen" />
156-->[:url_launcher_android] AndroidManifest.xml:11:13-71
157        <activity
157-->[com.google.android.gms:play-services-base:18.3.0] AndroidManifest.xml:20:9-22:45
158            android:name="com.google.android.gms.common.api.GoogleApiActivity"
158-->[com.google.android.gms:play-services-base:18.3.0] AndroidManifest.xml:20:19-85
159            android:exported="false"
159-->[com.google.android.gms:play-services-base:18.3.0] AndroidManifest.xml:22:19-43
160            android:theme="@android:style/Theme.Translucent.NoTitleBar" />
160-->[com.google.android.gms:play-services-base:18.3.0] AndroidManifest.xml:21:19-78
161
162        <meta-data
162-->[com.google.android.gms:play-services-basement:18.3.0] AndroidManifest.xml:21:9-23:69
163            android:name="com.google.android.gms.version"
163-->[com.google.android.gms:play-services-basement:18.3.0] AndroidManifest.xml:22:13-58
164            android:value="@integer/google_play_services_version" />
164-->[com.google.android.gms:play-services-basement:18.3.0] AndroidManifest.xml:23:13-66
165
166        <uses-library
166-->[androidx.window:window:1.2.0] AndroidManifest.xml:23:9-25:40
167            android:name="androidx.window.extensions"
167-->[androidx.window:window:1.2.0] AndroidManifest.xml:24:13-54
168            android:required="false" />
168-->[androidx.window:window:1.2.0] AndroidManifest.xml:25:13-37
169        <uses-library
169-->[androidx.window:window:1.2.0] AndroidManifest.xml:26:9-28:40
170            android:name="androidx.window.sidecar"
170-->[androidx.window:window:1.2.0] AndroidManifest.xml:27:13-51
171            android:required="false" />
171-->[androidx.window:window:1.2.0] AndroidManifest.xml:28:13-37
172
173        <provider
173-->[androidx.emoji2:emoji2:1.2.0] AndroidManifest.xml:24:9-32:20
174            android:name="androidx.startup.InitializationProvider"
174-->[androidx.emoji2:emoji2:1.2.0] AndroidManifest.xml:25:13-67
175            android:authorities="com.example.treense.androidx-startup"
175-->[androidx.emoji2:emoji2:1.2.0] AndroidManifest.xml:26:13-68
176            android:exported="false" >
176-->[androidx.emoji2:emoji2:1.2.0] AndroidManifest.xml:27:13-37
177            <meta-data
177-->[androidx.emoji2:emoji2:1.2.0] AndroidManifest.xml:29:13-31:52
178                android:name="androidx.emoji2.text.EmojiCompatInitializer"
178-->[androidx.emoji2:emoji2:1.2.0] AndroidManifest.xml:30:17-75
179                android:value="androidx.startup" />
179-->[androidx.emoji2:emoji2:1.2.0] AndroidManifest.xml:31:17-49
180            <meta-data
180-->[androidx.lifecycle:lifecycle-process:2.7.0] AndroidManifest.xml:29:13-31:52
181                android:name="androidx.lifecycle.ProcessLifecycleInitializer"
181-->[androidx.lifecycle:lifecycle-process:2.7.0] AndroidManifest.xml:30:17-78
182                android:value="androidx.startup" />
182-->[androidx.lifecycle:lifecycle-process:2.7.0] AndroidManifest.xml:31:17-49
183            <meta-data
183-->[androidx.profileinstaller:profileinstaller:1.3.1] AndroidManifest.xml:29:13-31:52
184                android:name="androidx.profileinstaller.ProfileInstallerInitializer"
184-->[androidx.profileinstaller:profileinstaller:1.3.1] AndroidManifest.xml:30:17-85
185                android:value="androidx.startup" />
185-->[androidx.profileinstaller:profileinstaller:1.3.1] AndroidManifest.xml:31:17-49
186        </provider>
187
188        <receiver
188-->[androidx.profileinstaller:profileinstaller:1.3.1] AndroidManifest.xml:34:9-52:20
189            android:name="androidx.profileinstaller.ProfileInstallReceiver"
189-->[androidx.profileinstaller:profileinstaller:1.3.1] AndroidManifest.xml:35:13-76
190            android:directBootAware="false"
190-->[androidx.profileinstaller:profileinstaller:1.3.1] AndroidManifest.xml:36:13-44
191            android:enabled="true"
191-->[androidx.profileinstaller:profileinstaller:1.3.1] AndroidManifest.xml:37:13-35
192            android:exported="true"
192-->[androidx.profileinstaller:profileinstaller:1.3.1] AndroidManifest.xml:38:13-36
193            android:permission="android.permission.DUMP" >
193-->[androidx.profileinstaller:profileinstaller:1.3.1] AndroidManifest.xml:39:13-57
194            <intent-filter>
194-->[androidx.profileinstaller:profileinstaller:1.3.1] AndroidManifest.xml:40:13-42:29
195                <action android:name="androidx.profileinstaller.action.INSTALL_PROFILE" />
195-->[androidx.profileinstaller:profileinstaller:1.3.1] AndroidManifest.xml:41:17-91
195-->[androidx.profileinstaller:profileinstaller:1.3.1] AndroidManifest.xml:41:25-88
196            </intent-filter>
197            <intent-filter>
197-->[androidx.profileinstaller:profileinstaller:1.3.1] AndroidManifest.xml:43:13-45:29
198                <action android:name="androidx.profileinstaller.action.SKIP_FILE" />
198-->[androidx.profileinstaller:profileinstaller:1.3.1] AndroidManifest.xml:44:17-85
198-->[androidx.profileinstaller:profileinstaller:1.3.1] AndroidManifest.xml:44:25-82
199            </intent-filter>
200            <intent-filter>
200-->[androidx.profileinstaller:profileinstaller:1.3.1] AndroidManifest.xml:46:13-48:29
201                <action android:name="androidx.profileinstaller.action.SAVE_PROFILE" />
201-->[androidx.profileinstaller:profileinstaller:1.3.1] AndroidManifest.xml:47:17-88
201-->[androidx.profileinstaller:profileinstaller:1.3.1] AndroidManifest.xml:47:25-85
202            </intent-filter>
203            <intent-filter>
203-->[androidx.profileinstaller:profileinstaller:1.3.1] AndroidManifest.xml:49:13-51:29
204                <action android:name="androidx.profileinstaller.action.BENCHMARK_OPERATION" />
204-->[androidx.profileinstaller:profileinstaller:1.3.1] AndroidManifest.xml:50:17-95
204-->[androidx.profileinstaller:profileinstaller:1.3.1] AndroidManifest.xml:50:25-92
205            </intent-filter>
206        </receiver>
207    </application>
208
209</manifest>